2024-07-26 16:09:06,879 INFO o.a.j.u.JMeterUtils: Setting Locale to en_EN
2024-07-26 16:09:06,894 INFO o.a.j.JMeter: Loading user properties from: user.properties
2024-07-26 16:09:06,894 INFO o.a.j.JMeter: Loading system properties from: system.properties
2024-07-26 16:09:06,904 INFO o.a.j.JMeter: Copyright (c) 1998-2024 The Apache Software Foundation
2024-07-26 16:09:06,904 INFO o.a.j.JMeter: Version 5.6.3
2024-07-26 16:09:06,904 INFO o.a.j.JMeter: java.version=21
2024-07-26 16:09:06,904 INFO o.a.j.JMeter: java.vm.name=Java HotSpot(TM) 64-Bit Server VM
2024-07-26 16:09:06,904 INFO o.a.j.JMeter: os.name=Windows 11
2024-07-26 16:09:06,904 INFO o.a.j.JMeter: os.arch=amd64
2024-07-26 16:09:06,904 INFO o.a.j.JMeter: os.version=10.0
2024-07-26 16:09:06,904 INFO o.a.j.JMeter: file.encoding=UTF-8
2024-07-26 16:09:06,904 INFO o.a.j.JMeter: java.awt.headless=true
2024-07-26 16:09:06,904 INFO o.a.j.JMeter: Max memory     =1073741824
2024-07-26 16:09:06,904 INFO o.a.j.JMeter: Available Processors =8
2024-07-26 16:09:06,912 INFO o.a.j.JMeter: Default Locale=English (EN)
2024-07-26 16:09:06,912 INFO o.a.j.JMeter: JMeter  Locale=English (EN)
2024-07-26 16:09:06,912 INFO o.a.j.JMeter: JMeterHome=C:\Users\manum\Downloads\apache-jmeter-5.6.3\apache-jmeter-5.6.3
2024-07-26 16:09:06,912 INFO o.a.j.JMeter: user.dir  =C:\Users\manum\Downloads\apache-jmeter-5.6.3\apache-jmeter-5.6.3\bin
2024-07-26 16:09:06,913 INFO o.a.j.JMeter: PWD       =C:\Users\manum\Downloads\apache-jmeter-5.6.3\apache-jmeter-5.6.3\bin
2024-07-26 16:09:06,914 INFO o.a.j.JMeter: IP: 192.168.56.43 Name: ManoharPulluru FullName: ManoharPulluru
2024-07-26 16:09:06,928 INFO o.a.j.s.FileServer: Default base='C:\Users\manum\Downloads\apache-jmeter-5.6.3\apache-jmeter-5.6.3\bin'
2024-07-26 16:09:06,929 INFO o.a.j.s.FileServer: Set new base='C:\Users\manum\Downloads\apache-jmeter-5.6.3\apache-jmeter-5.6.3\bin'
2024-07-26 16:09:07,076 INFO o.a.j.s.SaveService: Testplan (JMX) version: 2.2. Testlog (JTL) version: 2.2
2024-07-26 16:09:07,105 INFO o.a.j.s.SaveService: Using SaveService properties version 5.0
2024-07-26 16:09:07,107 INFO o.a.j.s.SaveService: Using SaveService properties file encoding UTF-8
2024-07-26 16:09:07,109 INFO o.a.j.s.SaveService: Loading file: JMX Test for Workflow.jmx
2024-07-26 16:09:07,162 INFO o.a.j.p.h.s.HTTPSamplerBase: Parser for text/html is org.apache.jmeter.protocol.http.parser.LagartoBasedHtmlParser
2024-07-26 16:09:07,162 INFO o.a.j.p.h.s.HTTPSamplerBase: Parser for application/xhtml+xml is org.apache.jmeter.protocol.http.parser.LagartoBasedHtmlParser
2024-07-26 16:09:07,162 INFO o.a.j.p.h.s.HTTPSamplerBase: Parser for application/xml is org.apache.jmeter.protocol.http.parser.LagartoBasedHtmlParser
2024-07-26 16:09:07,162 INFO o.a.j.p.h.s.HTTPSamplerBase: Parser for text/xml is org.apache.jmeter.protocol.http.parser.LagartoBasedHtmlParser
2024-07-26 16:09:07,162 INFO o.a.j.p.h.s.HTTPSamplerBase: Parser for text/vnd.wap.wml is org.apache.jmeter.protocol.http.parser.RegexpHTMLParser
2024-07-26 16:09:07,162 INFO o.a.j.p.h.s.HTTPSamplerBase: Parser for text/css is org.apache.jmeter.protocol.http.parser.CssParser
2024-07-26 16:09:07,189 INFO o.a.j.JMeter: Creating summariser <summary>
2024-07-26 16:09:07,206 INFO o.a.j.e.StandardJMeterEngine: Running the test!
2024-07-26 16:09:07,207 INFO o.a.j.s.SampleEvent: List of sample_variables: []
2024-07-26 16:09:07,207 INFO o.a.j.s.SampleEvent: List of sample_variables: []
2024-07-26 16:09:07,212 INFO o.a.j.e.u.CompoundVariable: Note: Function class names must contain the string: '.functions.'
2024-07-26 16:09:07,212 INFO o.a.j.e.u.CompoundVariable: Note: Function class names must not contain the string: '.gui.'
2024-07-26 16:09:07,277 INFO o.a.j.JMeter: Running test (1721990347277)
2024-07-26 16:09:07,294 INFO o.a.j.e.StandardJMeterEngine: Starting ThreadGroup: 1 : Get Comments Test
2024-07-26 16:09:07,294 INFO o.a.j.e.StandardJMeterEngine: Starting 10 threads for group Get Comments Test.
2024-07-26 16:09:07,294 INFO o.a.j.e.StandardJMeterEngine: Thread will continue on error
2024-07-26 16:09:07,294 INFO o.a.j.t.ThreadGroup: Starting thread group... number=1 threads=10 ramp-up=1 delayedStart=false
2024-07-26 16:09:07,302 INFO o.a.j.t.ThreadGroup: Started thread group number 1
2024-07-26 16:09:07,302 INFO o.a.j.t.JMeterThread: Thread started: Get Comments Test 1-1
2024-07-26 16:09:07,302 INFO o.a.j.e.StandardJMeterEngine: All thread groups have been started
2024-07-26 16:09:07,317 INFO o.a.j.p.h.s.HTTPHCAbstractImpl: Local host = ManoharPulluru
2024-07-26 16:09:07,322 INFO o.a.j.p.h.s.HTTPHC4Impl: HTTP request retry count = 0
2024-07-26 16:09:07,323 INFO o.a.j.s.SampleResult: Note: Sample TimeStamps are START times
2024-07-26 16:09:07,323 INFO o.a.j.s.SampleResult: sampleresult.default.encoding is set to UTF-8
2024-07-26 16:09:07,323 INFO o.a.j.s.SampleResult: sampleresult.useNanoTime=true
2024-07-26 16:09:07,324 INFO o.a.j.s.SampleResult: sampleresult.nanoThreadSleep=5000
2024-07-26 16:09:07,397 INFO o.a.j.t.JMeterThread: Thread started: Get Comments Test 1-2
2024-07-26 16:09:07,497 INFO o.a.j.t.JMeterThread: Thread started: Get Comments Test 1-3
2024-07-26 16:09:07,597 INFO o.a.j.t.JMeterThread: Thread started: Get Comments Test 1-4
2024-07-26 16:09:07,696 INFO o.a.j.t.JMeterThread: Thread started: Get Comments Test 1-5
2024-07-26 16:09:07,739 INFO o.a.j.p.h.s.h.LazyLayeredConnectionSocketFactory: Setting up HTTPS TrustAll Socket Factory
2024-07-26 16:09:07,745 INFO o.a.j.u.JsseSSLManager: Using default SSL protocol: TLS
2024-07-26 16:09:07,745 INFO o.a.j.u.JsseSSLManager: SSL session context: per-thread
2024-07-26 16:09:07,797 INFO o.a.j.t.JMeterThread: Thread started: Get Comments Test 1-6
2024-07-26 16:09:07,884 INFO o.a.j.u.SSLManager: JmeterKeyStore Location:  type JKS
2024-07-26 16:09:07,889 INFO o.a.j.u.SSLManager: KeyStore created OK
2024-07-26 16:09:07,889 WARN o.a.j.u.SSLManager: Keystore file not found, loading empty keystore
2024-07-26 16:09:07,896 INFO o.a.j.t.JMeterThread: Thread started: Get Comments Test 1-7
2024-07-26 16:09:07,997 INFO o.a.j.t.JMeterThread: Thread started: Get Comments Test 1-8
2024-07-26 16:09:08,095 INFO o.a.j.t.JMeterThread: Thread started: Get Comments Test 1-9
2024-07-26 16:09:08,196 INFO o.a.j.t.JMeterThread: Thread started: Get Comments Test 1-10
2024-07-26 16:09:08,322 INFO o.a.j.t.JMeterThread: Thread is done: Get Comments Test 1-6
2024-07-26 16:09:08,322 INFO o.a.j.t.JMeterThread: Thread finished: Get Comments Test 1-6
2024-07-26 16:09:08,322 INFO o.a.j.t.JMeterThread: Thread is done: Get Comments Test 1-8
2024-07-26 16:09:08,322 INFO o.a.j.t.JMeterThread: Thread is done: Get Comments Test 1-7
2024-07-26 16:09:08,322 INFO o.a.j.t.JMeterThread: Thread is done: Get Comments Test 1-5
2024-07-26 16:09:08,323 INFO o.a.j.t.JMeterThread: Thread finished: Get Comments Test 1-8
2024-07-26 16:09:08,323 INFO o.a.j.t.JMeterThread: Thread finished: Get Comments Test 1-7
2024-07-26 16:09:08,323 INFO o.a.j.t.JMeterThread: Thread finished: Get Comments Test 1-5
2024-07-26 16:09:08,332 INFO o.a.j.t.JMeterThread: Thread is done: Get Comments Test 1-4
2024-07-26 16:09:08,332 INFO o.a.j.t.JMeterThread: Thread finished: Get Comments Test 1-4
2024-07-26 16:09:08,333 INFO o.a.j.t.JMeterThread: Thread is done: Get Comments Test 1-3
2024-07-26 16:09:08,333 INFO o.a.j.t.JMeterThread: Thread finished: Get Comments Test 1-3
2024-07-26 16:09:08,428 INFO o.a.j.t.JMeterThread: Thread is done: Get Comments Test 1-2
2024-07-26 16:09:08,428 INFO o.a.j.t.JMeterThread: Thread finished: Get Comments Test 1-2
2024-07-26 16:09:08,482 INFO o.a.j.t.JMeterThread: Thread is done: Get Comments Test 1-10
2024-07-26 16:09:08,482 INFO o.a.j.t.JMeterThread: Thread finished: Get Comments Test 1-10
2024-07-26 16:09:08,581 INFO o.a.j.t.JMeterThread: Thread is done: Get Comments Test 1-9
2024-07-26 16:09:08,582 INFO o.a.j.t.JMeterThread: Thread finished: Get Comments Test 1-9
2024-07-26 16:09:09,077 INFO o.a.j.t.JMeterThread: Thread is done: Get Comments Test 1-1
2024-07-26 16:09:09,077 INFO o.a.j.t.JMeterThread: Thread finished: Get Comments Test 1-1
2024-07-26 16:09:09,077 INFO o.a.j.e.StandardJMeterEngine: Notifying test listeners of end of test
2024-07-26 16:09:09,080 INFO o.a.j.r.Summariser: summary =     10 in 00:00:02 =    5.6/s Avg:   693 Min:   279 Max:  1692 Err:     0 (0.00%)
